2024-12-24 20:24:06,032 - DEBUG - 开始执行 process_po_approvals 函数
2024-12-24 20:24:06,512 - DEBUG - 获取到的 ACCESS_TOKEN: Bearer t-g206cobuUMVFFZCRFJEBOYKWMMPGXZOJJLPKLTV6
2024-12-24 20:24:06,513 - DEBUG - 审批时间范围 - 开始时间: 1734783846513, 结束时间: 1735043046513
2024-12-24 20:24:07,280 - DEBUG - 获取到的 instance_ids: ['DD8D8A27-3FA6-45D3-868A-3637C14BE55A', '8BD95A4D-FC05-4E91-90B5-54B2E2A37CAE', '6D6E4058-2C1A-4C57-8448-1E10C6F47A08', 'A709021D-E0A1-46E8-A0E8-0F5AF1C550EF', '722122D6-3236-4648-B6C3-441C8190B629', '084A5808-BE85-4CA3-B843-983D7A0BD524']
2024-12-24 20:24:07,280 - DEBUG - 目标 instance_id: A709021D-E0A1-46E8-A0E8-0F5AF1C550EF
2024-12-24 20:24:07,280 - DEBUG - 正在处理 instance_id: DD8D8A27-3FA6-45D3-868A-3637C14BE55A
2024-12-24 20:24:07,281 - DEBUG - instance_id: DD8D8A27-3FA6-45D3-868A-3637C14BE55A 不匹配目标 ID，跳过。
2024-12-24 20:24:07,281 - DEBUG - 正在处理 instance_id: 8BD95A4D-FC05-4E91-90B5-54B2E2A37CAE
2024-12-24 20:24:07,281 - DEBUG - instance_id: 8BD95A4D-FC05-4E91-90B5-54B2E2A37CAE 不匹配目标 ID，跳过。
2024-12-24 20:24:07,281 - DEBUG - 正在处理 instance_id: 6D6E4058-2C1A-4C57-8448-1E10C6F47A08
2024-12-24 20:24:07,281 - DEBUG - instance_id: 6D6E4058-2C1A-4C57-8448-1E10C6F47A08 不匹配目标 ID，跳过。
2024-12-24 20:24:07,281 - DEBUG - 正在处理 instance_id: A709021D-E0A1-46E8-A0E8-0F5AF1C550EF
2024-12-24 20:24:08,725 - DEBUG - 获取到的实例响应: <Response [200]>
2024-12-24 20:24:17,724 - ERROR - serial_number 未定义，无法记录具体的 Serial Number。
2024-12-24 20:24:17,724 - ERROR - 在处理 instance_id: A709021D-E0A1-46E8-A0E8-0F5AF1C550EF 时发生异常。
Traceback (most recent call last):
  File "c:\Users\yaoke\Documents\oracle_lark_approval_mapping\app_lark_oracle.py", line 211, in process_po_approvals
    result = generate_request_body(instance_response, "po")
             ^^^^^^^^^^^^^^^^^^^^^^^^^^^^^^^^^^^^^^^^^^^^^^
  File "c:\Users\yaoke\Documents\oracle_lark_approval_mapping\request_body.py", line 164, in generate_request_body
    "cseg_business": Business[i],
                  ~~~~~~~~^^^
IndexError: list index out of range
2024-12-24 20:24:17,725 - DEBUG - 正在处理 instance_id: 722122D6-3236-4648-B6C3-441C8190B629
2024-12-24 20:24:17,725 - DEBUG - instance_id: 722122D6-3236-4648-B6C3-441C8190B629 不匹配目标 ID，跳过。
2024-12-24 20:24:17,725 - DEBUG - 正在处理 instance_id: 084A5808-BE85-4CA3-B843-983D7A0BD524
2024-12-24 20:24:17,726 - DEBUG - instance_id: 084A5808-BE85-4CA3-B843-983D7A0BD524 不匹配目标 ID，跳过。
2024-12-24 20:24:17,726 - DEBUG - 最终结果: [{'serial_number': 'Unknown', 'response': 'list index out of range'}]
2024-12-24 20:24:42,833 - DEBUG - 开始执行 process_po_approvals 函数
2024-12-24 20:24:43,265 - DEBUG - 获取到的 ACCESS_TOKEN: Bearer t-g206cobuUMVFFZCRFJEBOYKWMMPGXZOJJLPKLTV6
2024-12-24 20:24:43,265 - DEBUG - 审批时间范围 - 开始时间: 1734783883265, 结束时间: 1735043083265
2024-12-24 20:24:44,017 - DEBUG - 获取到的 instance_ids: ['DD8D8A27-3FA6-45D3-868A-3637C14BE55A', '8BD95A4D-FC05-4E91-90B5-54B2E2A37CAE', '6D6E4058-2C1A-4C57-8448-1E10C6F47A08', 'A709021D-E0A1-46E8-A0E8-0F5AF1C550EF', '722122D6-3236-4648-B6C3-441C8190B629', '084A5808-BE85-4CA3-B843-983D7A0BD524']
2024-12-24 20:24:44,017 - DEBUG - 目标 instance_id: A709021D-E0A1-46E8-A0E8-0F5AF1C550EF
2024-12-24 20:24:44,017 - DEBUG - 正在处理 instance_id: DD8D8A27-3FA6-45D3-868A-3637C14BE55A
2024-12-24 20:24:44,017 - DEBUG - instance_id: DD8D8A27-3FA6-45D3-868A-3637C14BE55A 不匹配目标 ID，跳过。
2024-12-24 20:24:44,017 - DEBUG - 正在处理 instance_id: 8BD95A4D-FC05-4E91-90B5-54B2E2A37CAE
2024-12-24 20:24:44,017 - DEBUG - instance_id: 8BD95A4D-FC05-4E91-90B5-54B2E2A37CAE 不匹配目标 ID，跳过。
2024-12-24 20:24:44,017 - DEBUG - 正在处理 instance_id: 6D6E4058-2C1A-4C57-8448-1E10C6F47A08
2024-12-24 20:24:44,017 - DEBUG - instance_id: 6D6E4058-2C1A-4C57-8448-1E10C6F47A08 不匹配目标 ID，跳过。
2024-12-24 20:24:44,017 - DEBUG - 正在处理 instance_id: A709021D-E0A1-46E8-A0E8-0F5AF1C550EF
2024-12-24 20:24:45,427 - DEBUG - 获取到的实例响应: <Response [200]>
2024-12-24 20:24:53,430 - ERROR - serial_number 未定义，无法记录具体的 Serial Number。
2024-12-24 20:24:53,431 - ERROR - 在处理 instance_id: A709021D-E0A1-46E8-A0E8-0F5AF1C550EF 时发生异常。
Traceback (most recent call last):
  File "c:\Users\yaoke\Documents\oracle_lark_approval_mapping\app_lark_oracle.py", line 211, in process_po_approvals
    result = generate_request_body(instance_response, "po")
             ^^^^^^^^^^^^^^^^^^^^^^^^^^^^^^^^^^^^^^^^^^^^^^
  File "c:\Users\yaoke\Documents\oracle_lark_approval_mapping\request_body.py", line 164, in generate_request_body
    "cseg_business": Business[i],
                  ~~~~~~~~^^^
IndexError: list index out of range
2024-12-24 20:24:53,432 - DEBUG - 正在处理 instance_id: 722122D6-3236-4648-B6C3-441C8190B629
2024-12-24 20:24:53,432 - DEBUG - instance_id: 722122D6-3236-4648-B6C3-441C8190B629 不匹配目标 ID，跳过。
2024-12-24 20:24:53,432 - DEBUG - 正在处理 instance_id: 084A5808-BE85-4CA3-B843-983D7A0BD524
2024-12-24 20:24:53,432 - DEBUG - instance_id: 084A5808-BE85-4CA3-B843-983D7A0BD524 不匹配目标 ID，跳过。
2024-12-24 20:24:53,432 - DEBUG - 最终结果: [{'serial_number': 'Unknown', 'response': 'list index out of range'}]
